<?xml version="1.0" encoding="UTF-8"?>
<testng-results total="1" passed="1" failed="0" skipped="0">
  <reporter-output>
  </reporter-output>
  <suite started-at="2020-10-25T12:58:39Z" name="Suite TODOS" finished-at="2020-10-25T12:58:49Z" duration-ms="10180">
    <groups>
    </groups>
    <test started-at="2020-10-25T12:58:39Z" name="Test" finished-at="2020-10-25T12:58:49Z" duration-ms="10180">
      <class name="com.todos.tests.AddTodoTest">
        <test-method is-config="true" signature="setupTest(java.lang.String)[pri:0, instance:com.todos.tests.AddTodoTest@2931522b]" started-at="2020-10-25T13:58:39Z" name="setupTest" finished-at="2020-10-25T13:58:47Z" duration-ms="7809" status="PASS">
          <params>
            <param index="0">
              <value>
                <![CDATA[chrome]]>
              </value>
            </param>
          </params>
          <reporter-output>
          </reporter-output>
        </test-method> <!-- setupTest -->
        <test-method signature="iCanAddTodo()[pri:0, instance:com.todos.tests.AddTodoTest@2931522b]" started-at="2020-10-25T13:58:47Z" name="iCanAddTodo" finished-at="2020-10-25T13:58:47Z" duration-ms="524" status="PASS">
          <reporter-output>
          </reporter-output>
        </test-method> <!-- iCanAddTodo -->
        <test-method is-config="true" signature="cleanTest()[pri:0, instance:com.todos.tests.AddTodoTest@2931522b]" started-at="2020-10-25T13:58:47Z" name="cleanTest" finished-at="2020-10-25T13:58:49Z" duration-ms="1821" status="PASS">
          <reporter-output>
          </reporter-output>
        </test-method> <!-- cleanTest -->
      </class> <!-- com.todos.tests.AddTodoTest -->
    </test> <!-- Test -->
  </suite> <!-- Suite TODOS -->
</testng-results>
